# JRE version: Java(TM) SE Runtime Environment (17.0.10+11) (build 17.0.10+11-LTS-240)
# Java VM: Java HotSpot(TM) 64-Bit Server VM (17.0.10+11-LTS-240, mixed mode, sharing, tiered, compressed oops, compressed class ptrs, g1 gc, windows-amd64)
GC Precious Log:
 CPUs: 12 total, 12 available
 Memory: 7916M
 Large Page Support: Disabled
 NUMA Support: Disabled
 Compressed Oops: Enabled (32-bit)
 Heap Region Size: 1M
 Heap Min Capacity: 8M
 Heap Initial Capacity: 124M
 Heap Max Capacity: 2G
 Pre-touch: Disabled
 Parallel Workers: 10
 Concurrent Workers: 3
 Concurrent Refinement Workers: 10
 Periodic GC: Disabled
Heap:
 garbage-first heap   total 256000K, used 188274K [0x0000000080000000, 0x0000000100000000)
  region size 1024K, 25 young (25600K), 7 survivors (7168K)
 Metaspace       used 157063K, committed 158336K, reserved 622592K
  class space    used 20732K, committed 21312K, reserved 425984K
GC Heap History (20 events):
Event: 103.053 GC heap before
{Heap before GC invocations=44 (full 0):
 garbage-first heap   total 229376K, used 194382K [0x0000000080000000, 0x0000000100000000)
  region size 1024K, 64 young (65536K), 8 survivors (8192K)
 Metaspace       used 135063K, committed 136128K, reserved 557056K
  class space    used 17563K, committed 18048K, reserved 425984K
}
Event: 103.092 GC heap after
{Heap after GC invocations=45 (full 0):
 garbage-first heap   total 229376K, used 144077K [0x0000000080000000, 0x0000000100000000)
  region size 1024K, 8 young (8192K), 8 survivors (8192K)
 Metaspace       used 135063K, committed 136128K, reserved 557056K
  class space    used 17563K, committed 18048K, reserved 425984K
}
Event: 104.520 GC heap before
{Heap before GC invocations=45 (full 0):
 garbage-first heap   total 229376K, used 193229K [0x0000000080000000, 0x0000000100000000)
  region size 1024K, 54 young (55296K), 8 survivors (8192K)
 Metaspace       used 138080K, committed 139136K, reserved 557056K
  class space    used 17902K, committed 18368K, reserved 425984K
}
Event: 104.553 GC heap after
{Heap after GC invocations=46 (full 0):
 garbage-first heap   total 229376K, used 149119K [0x0000000080000000, 0x0000000100000000)
  region size 1024K, 5 young (5120K), 5 survivors (5120K)
 Metaspace       used 138080K, committed 139136K, reserved 557056K
  class space    used 17902K, committed 18368K, reserved 425984K
}
Event: 105.503 GC heap before
{Heap before GC invocations=47 (full 0):
 garbage-first heap   total 256000K, used 196223K [0x0000000080000000, 0x0000000100000000)
  region size 1024K, 46 young (47104K), 5 survivors (5120K)
 Metaspace       used 139858K, committed 140928K, reserved 557056K
  class space    used 18140K, committed 18624K, reserved 425984K
}
Event: 105.509 GC heap after
{Heap after GC invocations=48 (full 0):
 garbage-first heap   total 256000K, used 151479K [0x0000000080000000, 0x0000000100000000)
  region size 1024K, 4 young (4096K), 4 survivors (4096K)
 Metaspace       used 139858K, committed 140928K, reserved 557056K
  class space    used 18140K, committed 18624K, reserved 425984K
}
Event: 105.686 GC heap before
{Heap before GC invocations=48 (full 0):
 garbage-first heap   total 256000K, used 159671K [0x0000000080000000, 0x0000000100000000)
  region size 1024K, 12 young (12288K), 4 survivors (4096K)
 Metaspace       used 140287K, committed 141376K, reserved 557056K
  class space    used 18213K, committed 18752K, reserved 425984K
}
Event: 105.692 GC heap after
{Heap after GC invocations=49 (full 0):
 garbage-first heap   total 256000K, used 140595K [0x0000000080000000, 0x0000000100000000)
  region size 1024K, 1 young (1024K), 1 survivors (1024K)
 Metaspace       used 140287K, committed 141376K, reserved 557056K
  class space    used 18213K, committed 18752K, reserved 425984K
}
Event: 107.325 GC heap before
{Heap before GC invocations=49 (full 0):
 garbage-first heap   total 256000K, used 208179K [0x0000000080000000, 0x0000000100000000)
  region size 1024K, 67 young (68608K), 1 survivors (1024K)
 Metaspace       used 144638K, committed 145728K, reserved 557056K
  class space    used 18772K, committed 19264K, reserved 425984K
}
Event: 107.330 GC heap after
{Heap after GC invocations=50 (full 0):
 garbage-first heap   total 256000K, used 142749K [0x0000000080000000, 0x0000000100000000)
  region size 1024K, 3 young (3072K), 3 survivors (3072K)
 Metaspace       used 144638K, committed 145728K, reserved 557056K
  class space    used 18772K, committed 19264K, reserved 425984K
}
Event: 109.785 GC heap before
{Heap before GC invocations=50 (full 0):
 garbage-first heap   total 256000K, used 211357K [0x0000000080000000, 0x0000000100000000)
  region size 1024K, 70 young (71680K), 3 survivors (3072K)
 Metaspace       used 146105K, committed 147264K, reserved 557056K
  class space    used 18982K, committed 19520K, reserved 425984K
}
Event: 109.791 GC heap after
{Heap after GC invocations=51 (full 0):
 garbage-first heap   total 256000K, used 147172K [0x0000000080000000, 0x0000000100000000)
  region size 1024K, 7 young (7168K), 7 survivors (7168K)
 Metaspace       used 146105K, committed 147264K, reserved 557056K
  class space    used 18982K, committed 19520K, reserved 425984K
}
Event: 124.134 GC heap before
{Heap before GC invocations=51 (full 0):
 garbage-first heap   total 256000K, used 212708K [0x0000000080000000, 0x0000000100000000)
  region size 1024K, 71 young (72704K), 7 survivors (7168K)
 Metaspace       used 149287K, committed 150464K, reserved 557056K
  class space    used 19431K, committed 19968K, reserved 425984K
}
Event: 124.156 GC heap after
{Heap after GC invocations=52 (full 0):
 garbage-first heap   total 256000K, used 151341K [0x0000000080000000, 0x0000000100000000)
  region size 1024K, 9 young (9216K), 9 survivors (9216K)
 Metaspace       used 149287K, committed 150464K, reserved 557056K
  class space    used 19431K, committed 19968K, reserved 425984K
}
Event: 125.490 GC heap before
{Heap before GC invocations=52 (full 0):
 garbage-first heap   total 256000K, used 213805K [0x0000000080000000, 0x0000000100000000)
  region size 1024K, 70 young (71680K), 9 survivors (9216K)
 Metaspace       used 152825K, committed 153984K, reserved 622592K
  class space    used 20081K, committed 20608K, reserved 425984K
}
Event: 125.505 GC heap after
{Heap after GC invocations=53 (full 0):
 garbage-first heap   total 256000K, used 152821K [0x0000000080000000, 0x0000000100000000)
  region size 1024K, 6 young (6144K), 6 survivors (6144K)
 Metaspace       used 152825K, committed 153984K, reserved 622592K
  class space    used 20081K, committed 20608K, reserved 425984K
}
Event: 137.037 GC heap before
{Heap before GC invocations=53 (full 0):
 garbage-first heap   total 256000K, used 216309K [0x0000000080000000, 0x0000000100000000)
  region size 1024K, 68 young (69632K), 6 survivors (6144K)
 Metaspace       used 155086K, committed 156224K, reserved 622592K
  class space    used 20382K, committed 20928K, reserved 425984K
}
Event: 137.065 GC heap after
{Heap after GC invocations=54 (full 0):
 garbage-first heap   total 256000K, used 158518K [0x0000000080000000, 0x0000000100000000)
  region size 1024K, 8 young (8192K), 8 survivors (8192K)
 Metaspace       used 155086K, committed 156224K, reserved 622592K
  class space    used 20382K, committed 20928K, reserved 425984K
}
Event: 139.340 GC heap before
{Heap before GC invocations=54 (full 0):
 garbage-first heap   total 256000K, used 222006K [0x0000000080000000, 0x0000000100000000)
  region size 1024K, 64 young (65536K), 8 survivors (8192K)
 Metaspace       used 156733K, committed 157952K, reserved 622592K
  class space    used 20691K, committed 21248K, reserved 425984K
}
Event: 139.381 GC heap after
{Heap after GC invocations=55 (full 0):
 garbage-first heap   total 256000K, used 170866K [0x0000000080000000, 0x0000000100000000)
  region size 1024K, 7 young (7168K), 7 survivors (7168K)
 Metaspace       used 156733K, committed 157952K, reserved 622592K
  class space    used 20691K, committed 21248K, reserved 425984K
}

